#! /c/Source/iverilog-install/bin/vvp
:ivl_version "12.0 (devel)" "(s20150603-1539-g2693dd32b)";
:ivl_delay_selection "TYPICAL";
:vpi_time_precision + 0;
:vpi_module "C:\iverilog\lib\ivl\system.vpi";
:vpi_module "C:\iverilog\lib\ivl\vhdl_sys.vpi";
:vpi_module "C:\iverilog\lib\ivl\vhdl_textio.vpi";
:vpi_module "C:\iverilog\lib\ivl\v2005_math.vpi";
:vpi_module "C:\iverilog\lib\ivl\va_math.vpi";
S_0000026ed30479b0 .scope module, "tb" "tb" 2 2;
 .timescale 0 0;
v0000026ed3022750_0 .var "addr", 7 0;
v0000026ed30227f0_0 .var "clk", 0 0;
v0000026ed3022890_0 .var "din", 255 0;
v0000026ed3053ea0_0 .net "dout", 255 0, v0000026ed30224d0_0;  1 drivers
v0000026ed3053f40_0 .var "rst", 0 0;
v0000026ed3053fe0_0 .var "we", 0 0;
S_0000026ed3047b40 .scope module, "uut" "sram_controller" 2 11, 3 1 0, S_0000026ed30479b0;
 .timescale 0 0;
    .port_info 0 /INPUT 1 "clk";
    .port_info 1 /INPUT 1 "rst";
    .port_info 2 /INPUT 1 "we";
    .port_info 3 /INPUT 8 "addr";
    .port_info 4 /INPUT 256 "din";
    .port_info 5 /OUTPUT 256 "dout";
v0000026ed3022b30_0 .net "addr", 7 0, v0000026ed3022750_0;  1 drivers
v0000026ed2f9af10_0 .net "clk", 0 0, v0000026ed30227f0_0;  1 drivers
v0000026ed3047cd0_0 .net "din", 255 0, v0000026ed3022890_0;  1 drivers
v0000026ed30224d0_0 .var "dout", 255 0;
v0000026ed3022570 .array "mem", 255 0, 255 0;
v0000026ed3022610_0 .net "rst", 0 0, v0000026ed3053f40_0;  1 drivers
v0000026ed30226b0_0 .net "we", 0 0, v0000026ed3053fe0_0;  1 drivers
E_0000026ed30459e0 .event posedge, v0000026ed2f9af10_0;
    .scope S_0000026ed3047b40;
T_0 ;
    %wait E_0000026ed30459e0;
    %load/vec4 v0000026ed3022610_0;
    %flag_set/vec4 8;
    %jmp/0xz  T_0.0, 8;
    %pushi/vec4 0, 0, 256;
    %assign/vec4 v0000026ed30224d0_0, 0;
    %jmp T_0.1;
T_0.0 ;
    %load/vec4 v0000026ed30226b0_0;
    %flag_set/vec4 8;
    %jmp/0xz  T_0.2, 8;
    %load/vec4 v0000026ed3047cd0_0;
    %load/vec4 v0000026ed3022b30_0;
    %pad/u 10;
    %ix/vec4 3;
    %ix/load 4, 0, 0; Constant delay
    %assign/vec4/a/d v0000026ed3022570, 0, 4;
    %jmp T_0.3;
T_0.2 ;
    %load/vec4 v0000026ed3022b30_0;
    %pad/u 10;
    %ix/vec4 4;
    %load/vec4a v0000026ed3022570, 4;
    %assign/vec4 v0000026ed30224d0_0, 0;
T_0.3 ;
T_0.1 ;
    %jmp T_0;
    .thread T_0;
    .scope S_0000026ed30479b0;
T_1 ;
    %delay 5, 0;
    %load/vec4 v0000026ed30227f0_0;
    %inv;
    %store/vec4 v0000026ed30227f0_0, 0, 1;
    %jmp T_1;
    .thread T_1;
    .scope S_0000026ed30479b0;
T_2 ;
    %pushi/vec4 0, 0, 1;
    %store/vec4 v0000026ed30227f0_0, 0, 1;
    %pushi/vec4 1, 0, 1;
    %store/vec4 v0000026ed3053f40_0, 0, 1;
    %pushi/vec4 0, 0, 1;
    %store/vec4 v0000026ed3053fe0_0, 0, 1;
    %pushi/vec4 0, 0, 8;
    %store/vec4 v0000026ed3022750_0, 0, 8;
    %pushi/vec4 0, 0, 256;
    %store/vec4 v0000026ed3022890_0, 0, 256;
    %delay 10, 0;
    %pushi/vec4 0, 0, 1;
    %store/vec4 v0000026ed3053f40_0, 0, 1;
    %pushi/vec4 1, 0, 1;
    %store/vec4 v0000026ed3053fe0_0, 0, 1;
    %pushi/vec4 1, 0, 8;
    %store/vec4 v0000026ed3022750_0, 0, 8;
    %pushi/vec4 10, 0, 256;
    %store/vec4 v0000026ed3022890_0, 0, 256;
    %delay 10, 0;
    %pushi/vec4 0, 0, 1;
    %store/vec4 v0000026ed3053fe0_0, 0, 1;
    %delay 10, 0;
    %load/vec4 v0000026ed3053ea0_0;
    %cmpi/e 10, 0, 256;
    %jmp/0xz  T_2.0, 4;
    %vpi_call 2 36 "$display", "TEST1 PASS" {0 0 0};
    %jmp T_2.1;
T_2.0 ;
    %vpi_call 2 37 "$display", "TEST1 FAIL" {0 0 0};
T_2.1 ;
    %pushi/vec4 1, 0, 1;
    %store/vec4 v0000026ed3053fe0_0, 0, 1;
    %pushi/vec4 0, 0, 8;
    %store/vec4 v0000026ed3022750_0, 0, 8;
    %pushi/vec4 20, 0, 256;
    %store/vec4 v0000026ed3022890_0, 0, 256;
    %delay 10, 0;
    %pushi/vec4 0, 0, 1;
    %store/vec4 v0000026ed3053fe0_0, 0, 1;
    %delay 10, 0;
    %load/vec4 v0000026ed3053ea0_0;
    %cmpi/e 20, 0, 256;
    %jmp/0xz  T_2.2, 4;
    %vpi_call 2 43 "$display", "TEST2 PASS" {0 0 0};
    %jmp T_2.3;
T_2.2 ;
    %vpi_call 2 44 "$display", "TEST2 FAIL" {0 0 0};
T_2.3 ;
    %pushi/vec4 1, 0, 1;
    %store/vec4 v0000026ed3053fe0_0, 0, 1;
    %pushi/vec4 255, 0, 8;
    %store/vec4 v0000026ed3022750_0, 0, 8;
    %pushi/vec4 167, 0, 256;
    %store/vec4 v0000026ed3022890_0, 0, 256;
    %delay 10, 0;
    %pushi/vec4 0, 0, 1;
    %store/vec4 v0000026ed3053fe0_0, 0, 1;
    %delay 10, 0;
    %load/vec4 v0000026ed3053ea0_0;
    %cmpi/e 167, 0, 256;
    %jmp/0xz  T_2.4, 4;
    %vpi_call 2 50 "$display", "TEST3 PASS" {0 0 0};
    %jmp T_2.5;
T_2.4 ;
    %vpi_call 2 51 "$display", "TEST3 FAIL" {0 0 0};
T_2.5 ;
    %delay 10, 0;
    %vpi_call 2 53 "$finish" {0 0 0};
    %end;
    .thread T_2;
# The file index is used to find the file name in the following table.
:file_names 4;
    "N/A";
    "<interactive>";
    "testbench.v";
    "controller.v";
